\BOOKMARK [0][-]{chapter.1}{Preface}{}% 1
\BOOKMARK [1][-]{section.1.1}{Motivation}{chapter.1}% 2
\BOOKMARK [1][-]{section.1.2}{Acknowledgments}{chapter.1}% 3
\BOOKMARK [1][-]{section.1.3}{Supporting\040Materials}{chapter.1}% 4
\BOOKMARK [1][-]{section.1.4}{Formatting\040Conventions}{chapter.1}% 5
\BOOKMARK [1][-]{section.1.5}{Errata}{chapter.1}% 6
\BOOKMARK [0][-]{chapter.2}{Orientation}{}% 7
\BOOKMARK [1][-]{section.2.1}{Introduction}{chapter.2}% 8
\BOOKMARK [1][-]{section.2.2}{Why\040Python?}{chapter.2}% 9
\BOOKMARK [1][-]{section.2.3}{The\040Anaconda\040Distribution\040of\040Python}{chapter.2}% 10
\BOOKMARK [1][-]{section.2.4}{Installing\040Anaconda\040on\040Windows}{chapter.2}% 11
\BOOKMARK [1][-]{section.2.5}{Installing\040Anaconda\040on\040MacOS}{chapter.2}% 12
\BOOKMARK [1][-]{section.2.6}{Installing\040Anaconda\040on\040Linux}{chapter.2}% 13
\BOOKMARK [1][-]{section.2.7}{Installing\040Python\040from\040Python.org}{chapter.2}% 14
\BOOKMARK [1][-]{section.2.8}{Summary}{chapter.2}% 15
\BOOKMARK [1][-]{section.2.9}{Review\040Questions}{chapter.2}% 16
\BOOKMARK [0][-]{chapter.3}{Jupyter\040Notebooks}{}% 17
\BOOKMARK [1][-]{section.3.1}{Introduction}{chapter.3}% 18
\BOOKMARK [1][-]{section.3.2}{What\040is\040a\040Jupyter\040Notebook?}{chapter.3}% 19
\BOOKMARK [1][-]{section.3.3}{Why\040Jupyter\040Notebooks?}{chapter.3}% 20
\BOOKMARK [1][-]{section.3.4}{Installing\040Juypter}{chapter.3}% 21
\BOOKMARK [1][-]{section.3.5}{Opening\040a\040Jupyter\040Notebook}{chapter.3}% 22
\BOOKMARK [1][-]{section.3.6}{The\040Jupyter\040Notebook\040Interface}{chapter.3}% 23
\BOOKMARK [1][-]{section.3.7}{Magic\040Cells}{chapter.3}% 24
\BOOKMARK [1][-]{section.3.8}{Getting\040Help\040in\040a\040Jupyter\040Notebook}{chapter.3}% 25
\BOOKMARK [1][-]{section.3.9}{Summary}{chapter.3}% 26
\BOOKMARK [1][-]{section.3.10}{Review\040Questions}{chapter.3}% 27
\BOOKMARK [0][-]{chapter.4}{The\040Python\040REPL}{}% 28
\BOOKMARK [1][-]{section.4.1}{Introduction}{chapter.4}% 29
\BOOKMARK [1][-]{section.4.2}{Python\040as\040a\040Calculator}{chapter.4}% 30
\BOOKMARK [1][-]{section.4.3}{Variables}{chapter.4}% 31
\BOOKMARK [1][-]{section.4.4}{String\040Operations}{chapter.4}% 32
\BOOKMARK [1][-]{section.4.5}{Print\040Statements}{chapter.4}% 33
\BOOKMARK [1][-]{section.4.6}{Summary}{chapter.4}% 34
\BOOKMARK [1][-]{section.4.7}{Review\040Questions}{chapter.4}% 35
\BOOKMARK [0][-]{chapter.5}{Data\040Types\040and\040Variables}{}% 36
\BOOKMARK [1][-]{section.5.1}{Introduction}{chapter.5}% 37
\BOOKMARK [1][-]{section.5.2}{Numeric\040Data\040Types}{chapter.5}% 38
\BOOKMARK [1][-]{section.5.3}{Boolean\040Data\040Type}{chapter.5}% 39
\BOOKMARK [1][-]{section.5.4}{Strings}{chapter.5}% 40
\BOOKMARK [1][-]{section.5.5}{Lists}{chapter.5}% 41
\BOOKMARK [1][-]{section.5.6}{Dictionaries\040and\040Tuples}{chapter.5}% 42
\BOOKMARK [1][-]{section.5.7}{Summary}{chapter.5}% 43
\BOOKMARK [1][-]{section.5.8}{Review\040Questions}{chapter.5}% 44
\BOOKMARK [0][-]{chapter.6}{Matricies\040and\040Arrays}{}% 45
\BOOKMARK [1][-]{section.6.1}{Introduction}{chapter.6}% 46
\BOOKMARK [1][-]{section.6.2}{Installing\040NumPy}{chapter.6}% 47
\BOOKMARK [1][-]{section.6.3}{NumPy}{chapter.6}% 48
\BOOKMARK [1][-]{section.6.4}{Array\040Creation}{chapter.6}% 49
\BOOKMARK [1][-]{section.6.5}{Array\040Indexing}{chapter.6}% 50
\BOOKMARK [1][-]{section.6.6}{Array\040Slicing}{chapter.6}% 51
\BOOKMARK [1][-]{section.6.7}{Array\040Operations}{chapter.6}% 52
\BOOKMARK [1][-]{section.6.8}{Systems\040of\040Linear\040Equations}{chapter.6}% 53
\BOOKMARK [1][-]{section.6.9}{Summary}{chapter.6}% 54
\BOOKMARK [1][-]{section.6.10}{Review\040Questions}{chapter.6}% 55
\BOOKMARK [0][-]{chapter.7}{Plotting\040with\040Matplotlib}{}% 56
\BOOKMARK [1][-]{section.7.1}{Introduction}{chapter.7}% 57
\BOOKMARK [1][-]{section.7.2}{What\040is\040Matplotlib?}{chapter.7}% 58
\BOOKMARK [1][-]{section.7.3}{Installing\040Matplotlib}{chapter.7}% 59
\BOOKMARK [1][-]{section.7.4}{Line\040Plots}{chapter.7}% 60
\BOOKMARK [1][-]{section.7.5}{Saving\040plots}{chapter.7}% 61
\BOOKMARK [1][-]{section.7.6}{Multi\040Line\040Plots}{chapter.7}% 62
\BOOKMARK [1][-]{section.7.7}{Bar\040Charts\040and\040Pie\040Charts}{chapter.7}% 63
\BOOKMARK [1][-]{section.7.8}{Error\040Bars}{chapter.7}% 64
\BOOKMARK [1][-]{section.7.9}{Histograms}{chapter.7}% 65
\BOOKMARK [1][-]{section.7.10}{Box\040Plots\040and\040Violin\040Plots}{chapter.7}% 66
\BOOKMARK [1][-]{section.7.11}{Scatter\040Plots}{chapter.7}% 67
\BOOKMARK [1][-]{section.7.12}{Plot\040annotations}{chapter.7}% 68
\BOOKMARK [1][-]{section.7.13}{Subplots}{chapter.7}% 69
\BOOKMARK [1][-]{section.7.14}{Plot\040Styles}{chapter.7}% 70
\BOOKMARK [1][-]{section.7.15}{Contour\040Plots}{chapter.7}% 71
\BOOKMARK [1][-]{section.7.16}{Quiver\040and\040Stream\040Plots}{chapter.7}% 72
\BOOKMARK [1][-]{section.7.17}{3D\040Surface\040Plots}{chapter.7}% 73
\BOOKMARK [1][-]{section.7.18}{Summary}{chapter.7}% 74
\BOOKMARK [1][-]{section.7.19}{Review\040Questions}{chapter.7}% 75
\BOOKMARK [0][-]{chapter.8}{Functions\040and\040Modules}{}% 76
\BOOKMARK [1][-]{section.8.1}{Introduction}{chapter.8}% 77
\BOOKMARK [1][-]{section.8.2}{Why\040Functions?}{chapter.8}% 78
\BOOKMARK [1][-]{section.8.3}{First\040Function}{chapter.8}% 79
\BOOKMARK [1][-]{section.8.4}{Functions\040with\040Multiple\040Arguments}{chapter.8}% 80
\BOOKMARK [1][-]{section.8.5}{Functions\040with\040Default\040Arguments}{chapter.8}% 81
\BOOKMARK [1][-]{section.8.6}{Calling\040Functions\040from\040Other\040Files}{chapter.8}% 82
\BOOKMARK [1][-]{section.8.7}{Docstrings\040in\040Functions}{chapter.8}% 83
\BOOKMARK [1][-]{section.8.8}{Positional\040and\040Keyword\040Arguments}{chapter.8}% 84
\BOOKMARK [1][-]{section.8.9}{Summary}{chapter.8}% 85
\BOOKMARK [1][-]{section.8.10}{Review\040Questions}{chapter.8}% 86
\BOOKMARK [0][-]{chapter.9}{If\040Else\040Try\040Except}{}% 87
\BOOKMARK [1][-]{section.9.1}{Introduction}{chapter.9}% 88
\BOOKMARK [1][-]{section.9.2}{User\040Input}{chapter.9}% 89
\BOOKMARK [1][-]{section.9.3}{If\040statements}{chapter.9}% 90
\BOOKMARK [1][-]{section.9.4}{Selection\040Statements}{chapter.9}% 91
\BOOKMARK [1][-]{section.9.5}{If\040Else\040Statements}{chapter.9}% 92
\BOOKMARK [1][-]{section.9.6}{Try-Except\040Statements}{chapter.9}% 93
\BOOKMARK [1][-]{section.9.7}{Flowcharts}{chapter.9}% 94
\BOOKMARK [1][-]{section.9.8}{Summary}{chapter.9}% 95
\BOOKMARK [1][-]{section.9.9}{Review\040Questions}{chapter.9}% 96
\BOOKMARK [0][-]{chapter.10}{Loops}{}% 97
\BOOKMARK [1][-]{section.10.1}{Introduction}{chapter.10}% 98
\BOOKMARK [1][-]{section.10.2}{For\040Loops}{chapter.10}% 99
\BOOKMARK [1][-]{section.10.3}{While\040Loops}{chapter.10}% 100
\BOOKMARK [1][-]{section.10.4}{Break\040and\040Continue}{chapter.10}% 101
\BOOKMARK [1][-]{section.10.5}{Flowcharts\040Describing\040Loops}{chapter.10}% 102
\BOOKMARK [1][-]{section.10.6}{Summary}{chapter.10}% 103
\BOOKMARK [1][-]{section.10.7}{Review\040Questions}{chapter.10}% 104
\BOOKMARK [0][-]{chapter.11}{Symbolic\040Math}{}% 105
\BOOKMARK [1][-]{section.11.1}{Introduction}{chapter.11}% 106
\BOOKMARK [1][-]{section.11.2}{SymPy}{chapter.11}% 107
\BOOKMARK [1][-]{section.11.3}{Defining\040Varaibles}{chapter.11}% 108
\BOOKMARK [1][-]{section.11.4}{Expressions\040and\040Substitutions}{chapter.11}% 109
\BOOKMARK [1][-]{section.11.5}{Equations}{chapter.11}% 110
\BOOKMARK [1][-]{section.11.6}{Solving\040Equations}{chapter.11}% 111
\BOOKMARK [1][-]{section.11.7}{Solving\040Two\040Equations\040for\040Two\040Unknows}{chapter.11}% 112
\BOOKMARK [1][-]{section.11.8}{Summary}{chapter.11}% 113
\BOOKMARK [1][-]{section.11.9}{Review\040Questions}{chapter.11}% 114
\BOOKMARK [0][-]{chapter.12}{Python\040and\040External\040Hardware}{}% 115
\BOOKMARK [1][-]{section.12.1}{Introduction}{chapter.12}% 116
\BOOKMARK [1][-]{section.12.2}{PySerial}{chapter.12}% 117
\BOOKMARK [1][-]{section.12.3}{Bytes\040and\040Unicode\040Strings}{chapter.12}% 118
\BOOKMARK [1][-]{section.12.4}{Controlling\040an\040LED\040with\040Python}{chapter.12}% 119
\BOOKMARK [1][-]{section.12.5}{Reading\040a\040Sensor\040with\040Python}{chapter.12}% 120
\BOOKMARK [1][-]{section.12.6}{Summary}{chapter.12}% 121
\BOOKMARK [1][-]{section.12.7}{Project\040Ideas}{chapter.12}% 122
\BOOKMARK [0][-]{chapter.13}{MicroPython}{}% 123
\BOOKMARK [1][-]{section.13.1}{Introduction}{chapter.13}% 124
\BOOKMARK [1][-]{section.13.2}{What\040is\040MicroPython?}{chapter.13}% 125
\BOOKMARK [1][-]{section.13.3}{Installing\040MicroPython}{chapter.13}% 126
\BOOKMARK [1][-]{section.13.4}{The\040MicroPython\040REPL}{chapter.13}% 127
\BOOKMARK [1][-]{section.13.5}{Blinking\040a\040LED}{chapter.13}% 128
\BOOKMARK [1][-]{section.13.6}{Reading\040a\040Sensor}{chapter.13}% 129
\BOOKMARK [1][-]{section.13.7}{Uploading\040Code}{chapter.13}% 130
\BOOKMARK [1][-]{section.13.8}{Summary}{chapter.13}% 131
\BOOKMARK [1][-]{section.13.9}{Project\040Ideas}{chapter.13}% 132
\BOOKMARK [0][-]{chapter.14}{Appendix}{}% 133
\BOOKMARK [1][-]{section.14.1}{Contents}{chapter.14}% 134
\BOOKMARK [1][-]{section.14.2}{Reserved\040and\040Keywords\040in\040Python}{chapter.14}% 135
\BOOKMARK [1][-]{section.14.3}{ASCII\040Character\040Codes}{chapter.14}% 136
\BOOKMARK [1][-]{section.14.4}{Virtual\040Environments}{chapter.14}% 137
\BOOKMARK [1][-]{section.14.5}{NumPy\040Math\040Functions}{chapter.14}% 138
\BOOKMARK [1][-]{section.14.6}{Git\040and\040GitHub}{chapter.14}% 139
\BOOKMARK [1][-]{section.14.7}{LaTeX\040Math}{chapter.14}% 140
\BOOKMARK [1][-]{section.14.8}{Problem\040Solving\040with\040Python\040Book\040Construction}{chapter.14}% 141
\BOOKMARK [1][-]{section.14.9}{Contributions}{chapter.14}% 142
\BOOKMARK [1][-]{section.14.10}{Cover\040Artwork}{chapter.14}% 143
\BOOKMARK [1][-]{section.14.11}{About\040the\040Author}{chapter.14}% 144
\BOOKMARK [0][-]{chapter.15}{Python\040for\040Undergraduate\040Engineers\0403.7\040Edition}{}% 145
\BOOKMARK [0][-]{chapter.16}{Table\040of\040Contents}{}% 146
\BOOKMARK [1][-]{section.16.1}{Preface}{chapter.16}% 147
\BOOKMARK [1][-]{section.16.2}{Chapter\0401.\040Orientation}{chapter.16}% 148
\BOOKMARK [1][-]{section.16.3}{Chapter\0402.\040Jupyter\040Notebooks}{chapter.16}% 149
\BOOKMARK [1][-]{section.16.4}{Chapter\0403.\040The\040Python\040REPL}{chapter.16}% 150
\BOOKMARK [1][-]{section.16.5}{Chapter\0404.\040Data\040Types\040and\040Variables}{chapter.16}% 151
\BOOKMARK [1][-]{section.16.6}{Chapter\0405.\040Matrices\040and\040Arrays}{chapter.16}% 152
\BOOKMARK [1][-]{section.16.7}{Chapter\0406.\040Plotting\040with\040Matplotlib}{chapter.16}% 153
\BOOKMARK [1][-]{section.16.8}{Chapter\0407.\040Functions\040and\040Modules}{chapter.16}% 154
\BOOKMARK [1][-]{section.16.9}{Chapter\0408.\040If\040Else\040Try\040Except}{chapter.16}% 155
\BOOKMARK [1][-]{section.16.10}{Chapter\0409.\040Loops}{chapter.16}% 156
\BOOKMARK [1][-]{section.16.11}{Chapter\04010.\040Symbolic\040Math}{chapter.16}% 157
\BOOKMARK [1][-]{section.16.12}{Chapter\04011.\040Python\040and\040External\040Hardware}{chapter.16}% 158
\BOOKMARK [1][-]{section.16.13}{Chapter\04012.\040MicroPython}{chapter.16}% 159
\BOOKMARK [1][-]{section.16.14}{Appendix}{chapter.16}% 160
