\BOOKMARK [0][-]{chapter*.2}{Preface}{}% 1
\BOOKMARK [1][-]{section*.3}{Motivation}{chapter*.2}% 2
\BOOKMARK [1][-]{section*.3}{Acknowledgments}{chapter*.2}% 3
\BOOKMARK [1][-]{section*.3}{Supporting Materials}{chapter*.2}% 4
\BOOKMARK [1][-]{section*.3}{Formatting Conventions}{chapter*.2}% 5
\BOOKMARK [1][-]{lstnumber.18}{Errata}{chapter*.2}% 6
\BOOKMARK [0][-]{chapter.19}{Orientation}{}% 7
\BOOKMARK [1][-]{section.20}{Introduction}{chapter.19}% 8
\BOOKMARK [1][-]{section.21}{Why Python?}{chapter.19}% 9
\BOOKMARK [1][-]{section.22}{The Anaconda Distribution of Python}{chapter.19}% 10
\BOOKMARK [1][-]{section.23}{Installing Anaconda on Windows}{chapter.19}% 11
\BOOKMARK [1][-]{section.44}{Installing Anaconda on MacOS}{chapter.19}% 12
\BOOKMARK [1][-]{section.66}{Installing Anaconda on Linux}{chapter.19}% 13
\BOOKMARK [1][-]{section.102}{Installing Python from Python.org}{chapter.19}% 14
\BOOKMARK [1][-]{section.132}{Summary}{chapter.19}% 15
\BOOKMARK [1][-]{section.133}{Review Questions}{chapter.19}% 16
\BOOKMARK [0][-]{chapter.144}{Jupyter Notebooks}{}% 17
\BOOKMARK [1][-]{section.145}{Introduction}{chapter.144}% 18
\BOOKMARK [1][-]{section.146}{What is a Jupyter Notebook?}{chapter.144}% 19
\BOOKMARK [1][-]{section.147}{Why Jupyter Notebooks?}{chapter.144}% 20
\BOOKMARK [1][-]{section.150}{Installing Juypter}{chapter.144}% 21
\BOOKMARK [1][-]{section.165}{Opening a Jupyter Notebook}{chapter.144}% 22
\BOOKMARK [1][-]{section.191}{The Jupyter Notebook Interface}{chapter.144}% 23
\BOOKMARK [1][-]{section.255}{Magic Commands}{chapter.144}% 24
\BOOKMARK [1][-]{section.287}{Getting Help in a Jupyter Notebook}{chapter.144}% 25
\BOOKMARK [1][-]{section.330}{Summary}{chapter.144}% 26
\BOOKMARK [1][-]{section.332}{Review Questions}{chapter.144}% 27
\BOOKMARK [0][-]{chapter.387}{The Python REPL}{}% 28
\BOOKMARK [1][-]{section.388}{Introduction}{chapter.387}% 29
\BOOKMARK [1][-]{section.389}{Python as a Calculator}{chapter.387}% 30
\BOOKMARK [1][-]{section.485}{Variables}{chapter.387}% 31
\BOOKMARK [1][-]{section.518}{String Operations}{chapter.387}% 32
\BOOKMARK [1][-]{section.552}{Print Statements}{chapter.387}% 33
\BOOKMARK [1][-]{section.579}{Summary}{chapter.387}% 34
\BOOKMARK [1][-]{section.584}{Review Questions}{chapter.387}% 35
\BOOKMARK [0][-]{chapter.603}{Data Types and Variables}{}% 36
\BOOKMARK [1][-]{section.604}{Introduction}{chapter.603}% 37
\BOOKMARK [1][-]{section.605}{Numeric Data Types}{chapter.603}% 38
\BOOKMARK [1][-]{section.659}{Boolean Data Type}{chapter.603}% 39
\BOOKMARK [1][-]{section.718}{Strings}{chapter.603}% 40
\BOOKMARK [1][-]{section.789}{Lists}{chapter.603}% 41
\BOOKMARK [1][-]{section.824}{Dictionaries and Tuples}{chapter.603}% 42
\BOOKMARK [1][-]{section.883}{Summary}{chapter.603}% 43
\BOOKMARK [1][-]{section.887}{Review Questions}{chapter.603}% 44
\BOOKMARK [0][-]{chapter.949}{NumPy and Arrays}{}% 45
\BOOKMARK [1][-]{section.950}{Introduction}{chapter.949}% 46
\BOOKMARK [1][-]{section.951}{NumPy}{chapter.949}% 47
\BOOKMARK [1][-]{section.952}{Installing NumPy}{chapter.949}% 48
\BOOKMARK [1][-]{section.957}{Python Lists and NumPy Arrays}{chapter.949}% 49
\BOOKMARK [1][-]{section.962}{Array Creation}{chapter.949}% 50
\BOOKMARK [1][-]{section.986}{Array Indexing}{chapter.949}% 51
\BOOKMARK [1][-]{section.996}{Array Slicing}{chapter.949}% 52
\BOOKMARK [1][-]{section.1001}{Array Operations}{chapter.949}% 53
\BOOKMARK [1][-]{section.1002}{Systems of Linear Equations}{chapter.949}% 54
\BOOKMARK [1][-]{section.1003}{Summary}{chapter.949}% 55
\BOOKMARK [1][-]{section.1004}{Review Questions}{chapter.949}% 56
\BOOKMARK [0][-]{chapter.1058}{Plotting with Matplotlib}{}% 57
\BOOKMARK [1][-]{section.1059}{Introduction}{chapter.1058}% 58
\BOOKMARK [1][-]{section.1060}{What is Matplotlib?}{chapter.1058}% 59
\BOOKMARK [1][-]{section.1061}{Installing Matplotlib}{chapter.1058}% 60
\BOOKMARK [1][-]{section.1070}{Line Plots}{chapter.1058}% 61
\BOOKMARK [1][-]{section.1115}{Saving plots}{chapter.1058}% 62
\BOOKMARK [1][-]{section.1118}{Multi Line Plots}{chapter.1058}% 63
\BOOKMARK [1][-]{section.1125}{Bar Charts and Pie Charts}{chapter.1058}% 64
\BOOKMARK [1][-]{section.1127}{Error Bars}{chapter.1058}% 65
\BOOKMARK [1][-]{section.1133}{Histograms}{chapter.1058}% 66
\BOOKMARK [1][-]{section.1136}{Box Plots and Violin Plots}{chapter.1058}% 67
\BOOKMARK [1][-]{section.1143}{Scatter Plots}{chapter.1058}% 68
\BOOKMARK [1][-]{section.1147}{Plot annotations}{chapter.1058}% 69
\BOOKMARK [1][-]{section.1151}{Subplots}{chapter.1058}% 70
\BOOKMARK [1][-]{section.1159}{Plot Styles}{chapter.1058}% 71
\BOOKMARK [1][-]{section.1162}{Contour Plots}{chapter.1058}% 72
\BOOKMARK [1][-]{section.1173}{Quiver and Stream Plots}{chapter.1058}% 73
\BOOKMARK [1][-]{section.1182}{3D Surface Plots}{chapter.1058}% 74
\BOOKMARK [1][-]{section.1192}{Summary}{chapter.1058}% 75
\BOOKMARK [1][-]{section.1194}{Review Questions}{chapter.1058}% 76
\BOOKMARK [0][-]{chapter.1214}{Functions and Modules}{}% 77
\BOOKMARK [1][-]{section.1215}{Introduction}{chapter.1214}% 78
\BOOKMARK [1][-]{section.1216}{Why Functions?}{chapter.1214}% 79
\BOOKMARK [1][-]{section.1217}{First Function}{chapter.1214}% 80
\BOOKMARK [1][-]{section.1237}{Functions with Multiple Arguments}{chapter.1214}% 81
\BOOKMARK [1][-]{section.1256}{Functions with Default Arguments}{chapter.1214}% 82
\BOOKMARK [1][-]{section.1261}{Calling Functions from Other Files}{chapter.1214}% 83
\BOOKMARK [1][-]{section.1286}{Docstrings in Functions}{chapter.1214}% 84
\BOOKMARK [1][-]{section.1310}{Positional and Keyword Arguments}{chapter.1214}% 85
\BOOKMARK [1][-]{section.1318}{Summary}{chapter.1214}% 86
\BOOKMARK [1][-]{section.1320}{Review Questions}{chapter.1214}% 87
\BOOKMARK [0][-]{chapter.1387}{If Else Try Except}{}% 88
\BOOKMARK [1][-]{section.1388}{Introduction}{chapter.1387}% 89
\BOOKMARK [1][-]{section.1389}{User Input}{chapter.1387}% 90
\BOOKMARK [1][-]{section.1392}{Selection Statements}{chapter.1387}% 91
\BOOKMARK [1][-]{section.1393}{If statements}{chapter.1387}% 92
\BOOKMARK [1][-]{section.1397}{If Else Statements}{chapter.1387}% 93
\BOOKMARK [1][-]{section.1410}{Try-Except Statements}{chapter.1387}% 94
\BOOKMARK [1][-]{section.1416}{Flowcharts}{chapter.1387}% 95
\BOOKMARK [1][-]{section.1450}{Summary}{chapter.1387}% 96
\BOOKMARK [1][-]{section.1451}{Review Questions}{chapter.1387}% 97
\BOOKMARK [0][-]{chapter.1475}{Loops}{}% 98
\BOOKMARK [1][-]{section.1476}{Introduction}{chapter.1475}% 99
\BOOKMARK [1][-]{section.1477}{For Loops}{chapter.1475}% 100
\BOOKMARK [1][-]{section.1495}{While Loops}{chapter.1475}% 101
\BOOKMARK [1][-]{section.1499}{Break and Continue}{chapter.1475}% 102
\BOOKMARK [1][-]{section.1500}{Flowcharts Describing Loops}{chapter.1475}% 103
\BOOKMARK [1][-]{section.1517}{Summary}{chapter.1475}% 104
\BOOKMARK [1][-]{section.1518}{Review Questions}{chapter.1475}% 105
\BOOKMARK [0][-]{chapter.1562}{Symbolic Math}{}% 106
\BOOKMARK [1][-]{section.1563}{Introduction}{chapter.1562}% 107
\BOOKMARK [1][-]{section.1564}{SymPy}{chapter.1562}% 108
\BOOKMARK [1][-]{section.1565}{Installing SymPy}{chapter.1562}% 109
\BOOKMARK [1][-]{section.1574}{Defining Variables}{chapter.1562}% 110
\BOOKMARK [1][-]{section.1575}{Expressions and Substitutions}{chapter.1562}% 111
\BOOKMARK [1][-]{section.1577}{Equations}{chapter.1562}% 112
\BOOKMARK [1][-]{section.1578}{Solving Equations}{chapter.1562}% 113
\BOOKMARK [1][-]{section.1579}{Solving Two Equations for Two Unknows}{chapter.1562}% 114
\BOOKMARK [1][-]{section.1580}{Summary}{chapter.1562}% 115
\BOOKMARK [1][-]{section.1582}{Review Questions}{chapter.1562}% 116
\BOOKMARK [0][-]{chapter.1583}{Python and External Hardware}{}% 117
\BOOKMARK [1][-]{section.1584}{Introduction}{chapter.1583}% 118
\BOOKMARK [1][-]{section.1585}{PySerial}{chapter.1583}% 119
\BOOKMARK [1][-]{section.1590}{Bytes and Unicode Strings}{chapter.1583}% 120
\BOOKMARK [1][-]{section.1591}{Controlling an LED with Python}{chapter.1583}% 121
\BOOKMARK [1][-]{section.1687}{Reading a Sensor with Python}{chapter.1583}% 122
\BOOKMARK [1][-]{section.1788}{Summary}{chapter.1583}% 123
\BOOKMARK [1][-]{section.1789}{Project Ideas}{chapter.1583}% 124
\BOOKMARK [0][-]{chapter.1790}{MicroPython}{}% 125
\BOOKMARK [1][-]{section.1791}{Introduction}{chapter.1790}% 126
\BOOKMARK [1][-]{section.1792}{What is MicroPython?}{chapter.1790}% 127
\BOOKMARK [1][-]{section.1793}{Installing MicroPython}{chapter.1790}% 128
\BOOKMARK [1][-]{section.1845}{The MicroPython REPL}{chapter.1790}% 129
\BOOKMARK [1][-]{section.1878}{Blinking a LED}{chapter.1790}% 130
\BOOKMARK [1][-]{section.1908}{Reading a Sensor}{chapter.1790}% 131
\BOOKMARK [1][-]{section.1926}{Uploading Code}{chapter.1790}% 132
\BOOKMARK [1][-]{section.1990}{Summary}{chapter.1790}% 133
\BOOKMARK [1][-]{section.1991}{Project Ideas}{chapter.1790}% 134
\BOOKMARK [0][-]{chapter*.1992}{Appendix}{}% 135
\BOOKMARK [1][-]{section.1993}{Contents}{chapter*.1992}% 136
\BOOKMARK [1][-]{section.1994}{Reserved and Keywords in Python}{chapter*.1992}% 137
\BOOKMARK [1][-]{section.2045}{ASCII Character Codes}{chapter*.1992}% 138
\BOOKMARK [1][-]{section.2046}{Virtual Environments}{chapter*.1992}% 139
\BOOKMARK [1][-]{section.2112}{NumPy Math Functions}{chapter*.1992}% 140
\BOOKMARK [1][-]{section.2177}{Git and GitHub}{chapter*.1992}% 141
\BOOKMARK [1][-]{section.2198}{LaTeX Math}{chapter*.1992}% 142
\BOOKMARK [1][-]{section.2202}{Problem Solving with Python Book Construction}{chapter*.1992}% 143
\BOOKMARK [1][-]{section.2241}{Contributions}{chapter*.1992}% 144
\BOOKMARK [1][-]{section.2242}{Cover Artwork}{chapter*.1992}% 145
\BOOKMARK [1][-]{section.2243}{About the Author}{chapter*.1992}% 146
